<?xml version="1.0" encoding="UTF-8"?>
<!-- Generated by org.testng.reporters.JUnitXMLReporter -->
<testsuite hostname="Macbooks-MacBook-Pro.local" ignored="0" name="Test1" tests="11" failures="4" timestamp="08 May 2020 23:02:39 GMT" time="15.224" errors="0">
  <testcase name="@AfterMethod teardown" time="0.0" classname="package1.Test_BefM_AftM">
    <failure type="org.openqa.selenium.NoSuchSessionException" message="invalid session id
Build info: version: &amp;apos;3.141.59&amp;apos;, revision: &amp;apos;e82be7d358&amp;apos;, time: &amp;apos;2018-11-14T08:25:48&amp;apos;
System info: host: &amp;apos;Macbooks-MacBook-Pro.local&amp;apos;, ip: &amp;apos;2607:fea8:4f1f:e2a6:0:0:0:3%en0&amp;apos;, os.name: &amp;apos;Mac OS X&amp;apos;, os.arch: &amp;apos;x86_64&amp;apos;, os.version: &amp;apos;10.15.4&amp;apos;, java.version: &amp;apos;1.8.0_241&amp;apos;
Driver info: org.openqa.selenium.chrome.ChromeDriver
Capabilities {acceptInsecureCerts: false, browserName: chrome, browserVersion: 81.0.4044.138, chrome: {chromedriverVersion: 81.0.4044.69 (6813546031a4b..., userDataDir: /var/folders/z3/23d53p0139d...}, goog:chromeOptions: {debuggerAddress: localhost:60434}, javascriptEnabled: true, networkConnectionEnabled: false, pageLoadStrategy: normal, platform: MAC, platformName: MAC, proxy: Proxy(), setWindowRect: true, strictFileInteractability: false, timeouts: {implicit: 0, pageLoad: 300000, script: 30000}, unhandledPromptBehavior: dismiss and notify, webauthn:virtualAuthenticators: true}
Session ID: 92ea6f5a613f9791bad2033b53d52fb2">
      <![CDATA[org.openqa.selenium.NoSuchSessionException: invalid session id
Build info: version: '3.141.59', revision: 'e82be7d358', time: '2018-11-14T08:25:48'
System info: host: 'Macbooks-MacBook-Pro.local', ip: '2607:fea8:4f1f:e2a6:0:0:0:3%en0', os.name: 'Mac OS X', os.arch: 'x86_64', os.version: '10.15.4', java.version: '1.8.0_241'
Driver info: org.openqa.selenium.chrome.ChromeDriver
Capabilities {acceptInsecureCerts: false, browserName: chrome, browserVersion: 81.0.4044.138, chrome: {chromedriverVersion: 81.0.4044.69 (6813546031a4b..., userDataDir: /var/folders/z3/23d53p0139d...}, goog:chromeOptions: {debuggerAddress: localhost:60434}, javascriptEnabled: true, networkConnectionEnabled: false, pageLoadStrategy: normal, platform: MAC, platformName: MAC, proxy: Proxy(), setWindowRect: true, strictFileInteractability: false, timeouts: {implicit: 0, pageLoad: 300000, script: 30000}, unhandledPromptBehavior: dismiss and notify, webauthn:virtualAuthenticators: true}
Session ID: 92ea6f5a613f9791bad2033b53d52fb2
	at org.openqa.selenium.remote.http.W3CHttpResponseCodec.createException(W3CHttpResponseCodec.java:187)
	at org.openqa.selenium.remote.http.W3CHttpResponseCodec.decode(W3CHttpResponseCodec.java:122)
	at org.openqa.selenium.remote.http.W3CHttpResponseCodec.decode(W3CHttpResponseCodec.java:49)
	at org.openqa.selenium.remote.HttpCommandExecutor.execute(HttpCommandExecutor.java:158)
	at org.openqa.selenium.remote.service.DriverCommandExecutor.execute(DriverCommandExecutor.java:83)
	at org.openqa.selenium.remote.RemoteWebDriver.execute(RemoteWebDriver.java:552)
	at org.openqa.selenium.remote.RemoteWebDriver.execute(RemoteWebDriver.java:609)
	at org.openqa.selenium.remote.RemoteWebDriver.close(RemoteWebDriver.java:442)
	at package1.Test_BefM_AftM.teardown(Test_BefM_AftM.java:75)
	at java.util.concurrent.ThreadPoolExecutor.runWorker(ThreadPoolExecutor.java:1149)
	at java.util.concurrent.ThreadPoolExecutor$Worker.run(ThreadPoolExecutor.java:624)
	at java.lang.Thread.run(Thread.java:748)
... Removed 16 stack frames]]>
    </failure>
  </testcase> <!-- @AfterMethod teardown -->
  <testcase name="@BeforeMethod launchBrowser" time="0.0" classname="package1.Test_BefM_AftM">
    <skipped/>
  </testcase> <!-- @BeforeMethod launchBrowser -->
  <testcase name="@AfterMethod teardown" time="0.0" classname="package1.Test_BefM_AftM">
    <skipped/>
  </testcase> <!-- @AfterMethod teardown -->
  <testcase name="launch" time="2.649" classname="package2.Test_MultipleMethods2Priority"/>
  <testcase name="verifyIntelliipatPage" time="5.123" classname="package1.Test_BefM_AftM"/>
  <testcase name="verifyGooglePage" time="7.209" classname="package1.Test_BefM_AftM">
    <failure type="org.openqa.selenium.NoSuchSessionException" message="invalid session id
Build info: version: &amp;apos;3.141.59&amp;apos;, revision: &amp;apos;e82be7d358&amp;apos;, time: &amp;apos;2018-11-14T08:25:48&amp;apos;
System info: host: &amp;apos;Macbooks-MacBook-Pro.local&amp;apos;, ip: &amp;apos;2607:fea8:4f1f:e2a6:0:0:0:3%en0&amp;apos;, os.name: &amp;apos;Mac OS X&amp;apos;, os.arch: &amp;apos;x86_64&amp;apos;, os.version: &amp;apos;10.15.4&amp;apos;, java.version: &amp;apos;1.8.0_241&amp;apos;
Driver info: org.openqa.selenium.chrome.ChromeDriver
Capabilities {acceptInsecureCerts: false, browserName: chrome, browserVersion: 81.0.4044.138, chrome: {chromedriverVersion: 81.0.4044.69 (6813546031a4b..., userDataDir: /var/folders/z3/23d53p0139d...}, goog:chromeOptions: {debuggerAddress: localhost:60434}, javascriptEnabled: true, networkConnectionEnabled: false, pageLoadStrategy: normal, platform: MAC, platformName: MAC, proxy: Proxy(), setWindowRect: true, strictFileInteractability: false, timeouts: {implicit: 0, pageLoad: 300000, script: 30000}, unhandledPromptBehavior: dismiss and notify, webauthn:virtualAuthenticators: true}
Session ID: 92ea6f5a613f9791bad2033b53d52fb2">
      <![CDATA[org.openqa.selenium.NoSuchSessionException: invalid session id
Build info: version: '3.141.59', revision: 'e82be7d358', time: '2018-11-14T08:25:48'
System info: host: 'Macbooks-MacBook-Pro.local', ip: '2607:fea8:4f1f:e2a6:0:0:0:3%en0', os.name: 'Mac OS X', os.arch: 'x86_64', os.version: '10.15.4', java.version: '1.8.0_241'
Driver info: org.openqa.selenium.chrome.ChromeDriver
Capabilities {acceptInsecureCerts: false, browserName: chrome, browserVersion: 81.0.4044.138, chrome: {chromedriverVersion: 81.0.4044.69 (6813546031a4b..., userDataDir: /var/folders/z3/23d53p0139d...}, goog:chromeOptions: {debuggerAddress: localhost:60434}, javascriptEnabled: true, networkConnectionEnabled: false, pageLoadStrategy: normal, platform: MAC, platformName: MAC, proxy: Proxy(), setWindowRect: true, strictFileInteractability: false, timeouts: {implicit: 0, pageLoad: 300000, script: 30000}, unhandledPromptBehavior: dismiss and notify, webauthn:virtualAuthenticators: true}
Session ID: 92ea6f5a613f9791bad2033b53d52fb2
	at org.openqa.selenium.remote.http.W3CHttpResponseCodec.createException(W3CHttpResponseCodec.java:187)
	at org.openqa.selenium.remote.http.W3CHttpResponseCodec.decode(W3CHttpResponseCodec.java:122)
	at org.openqa.selenium.remote.http.W3CHttpResponseCodec.decode(W3CHttpResponseCodec.java:49)
	at org.openqa.selenium.remote.HttpCommandExecutor.execute(HttpCommandExecutor.java:158)
	at org.openqa.selenium.remote.service.DriverCommandExecutor.execute(DriverCommandExecutor.java:83)
	at org.openqa.selenium.remote.RemoteWebDriver.execute(RemoteWebDriver.java:552)
	at org.openqa.selenium.remote.RemoteWebDriver$RemoteWebDriverOptions$RemoteTimeouts.implicitlyWait(RemoteWebDriver.java:780)
	at package1.Test_BefM_AftM.verifyGooglePage(Test_BefM_AftM.java:32)
	at java.util.concurrent.ThreadPoolExecutor.runWorker(ThreadPoolExecutor.java:1149)
	at java.util.concurrent.ThreadPoolExecutor$Worker.run(ThreadPoolExecutor.java:624)
	at java.lang.Thread.run(Thread.java:748)
... Removed 14 stack frames]]>
    </failure>
  </testcase> <!-- verifyGooglePage -->
  <testcase name="verifyFacebookPage" time="0.002" classname="package1.Test_BefM_AftM">
    <skipped/>
  </testcase> <!-- verifyFacebookPage -->
  <testcase name="passURL" time="8.219" classname="package2.Test_MultipleMethods2Priority"/>
  <testcase name="waitTime" time="1.003" classname="package2.Test_MultipleMethods2Priority"/>
  <testcase name="verifyFacebookTitle" time="0.048" classname="package2.Test_MultipleMethods2Priority">
    <failure type="java.lang.AssertionError" message="expected [Anj-Facebook - Log In or Sign Up] but found [Facebook - Log In or Sign Up]">
      <![CDATA[java.lang.AssertionError: expected [Anj-Facebook - Log In or Sign Up] but found [Facebook - Log In or Sign Up]
	at package2.Test_MultipleMethods2Priority.verifyFacebookTitle(Test_MultipleMethods2Priority.java:55)
	at java.util.concurrent.ThreadPoolExecutor.runWorker(ThreadPoolExecutor.java:1149)
	at java.util.concurrent.ThreadPoolExecutor$Worker.run(ThreadPoolExecutor.java:624)
	at java.lang.Thread.run(Thread.java:748)
... Removed 16 stack frames]]>
    </failure>
  </testcase> <!-- verifyFacebookTitle -->
  <testcase name="teardown" time="0.149" classname="package2.Test_MultipleMethods2Priority"/>
  <testcase name="verifyIntelliipatPage" time="12.437" classname="package2.Test_BefCl_AftCla">
    <failure type="java.lang.AssertionError" message="expected [Online Professional Training Courses and Certification - Intellipaat] but found [Facebook - Log In or Sign Up]">
      <![CDATA[java.lang.AssertionError: expected [Online Professional Training Courses and Certification - Intellipaat] but found [Facebook - Log In or Sign Up]
	at package2.Test_BefCl_AftCla.verifyIntelliipatPage(Test_BefCl_AftCla.java:54)
	at java.util.concurrent.ThreadPoolExecutor.runWorker(ThreadPoolExecutor.java:1149)
	at java.util.concurrent.ThreadPoolExecutor$Worker.run(ThreadPoolExecutor.java:624)
	at java.lang.Thread.run(Thread.java:748)
... Removed 16 stack frames]]>
    </failure>
  </testcase> <!-- verifyIntelliipatPage -->
  <testcase name="verifyGooglePage" time="12.457" classname="package2.Test_BefCl_AftCla">
    <failure type="java.lang.AssertionError" message="expected [Google] but found [Facebook - Log In or Sign Up]">
      <![CDATA[java.lang.AssertionError: expected [Google] but found [Facebook - Log In or Sign Up]
	at package2.Test_BefCl_AftCla.verifyGooglePage(Test_BefCl_AftCla.java:38)
	at java.util.concurrent.ThreadPoolExecutor.runWorker(ThreadPoolExecutor.java:1149)
	at java.util.concurrent.ThreadPoolExecutor$Worker.run(ThreadPoolExecutor.java:624)
	at java.lang.Thread.run(Thread.java:748)
... Removed 16 stack frames]]>
    </failure>
  </testcase> <!-- verifyGooglePage -->
  <testcase name="verifyFacebookPage" time="5.465" classname="package2.Test_BefCl_AftCla"/>
</testsuite> <!-- Test1 -->
