<?xml version="1.0" encoding="UTF-8"?>
<!-- Generated by org.testng.reporters.JUnitReportReporter -->
<testsuite skipped="1" hostname="SAI-PC" name="package1.Test6_BM_AM" tests="4" failures="0" timestamp="17 May 2020 13:03:10 GMT" time="21.672" errors="1">
  <testcase name="launchBrowser" time="12.378" classname="package1.Test6_BM_AM">
    <error type="org.openqa.selenium.SessionNotCreatedException" message="session not created
from chrome not reachable
  (Session info: chrome=81.0.4044.138)
Build info: version: &#039;3.5.3&#039;, revision: &#039;a88d25fe6b&#039;, time: &#039;2017-08-29T12:42:44.417Z&#039;
System info: host: &#039;SAI-PC&#039;, ip: &#039;192.168.0.43&#039;, os.name: &#039;Windows 7&#039;, os.arch: &#039;amd64&#039;, os.version: &#039;6.1&#039;, java.version: &#039;1.8.0_241&#039;
Driver info: driver.version: ChromeDriver
remote stacktrace: Backtrace:
	Ordinal0 [0x002F0C83+1707139]
	Ordinal0 [0x002568F1+1075441]
	Ordinal0 [0x001CDE72+515698]
	Ordinal0 [0x001C7CA8+490664]
	Ordinal0 [0x001C839B+492443]
	Ordinal0 [0x001C92F5+496373]
	Ordinal0 [0x001C4F05+478981]
	Ordinal0 [0x001CECA0+519328]
	Ordinal0 [0x0017CA67+182887]
	Ordinal0 [0x0017BDDD+179677]
	Ordinal0 [0x00179D4B+171339]
	Ordinal0 [0x00161D4A+73034]
	Ordinal0 [0x00162DC0+77248]
	Ordinal0 [0x00162D59+77145]
	Ordinal0 [0x0026BB67+1162087]
	GetHandleVerifier [0x0038A966+508998]
	GetHandleVerifier [0x0038A6A4+508292]
	GetHandleVerifier [0x0039F7B7+594583]
	GetHandleVerifier [0x0038B1D6+511158]
	Ordinal0 [0x0026402C+1130540]
	Ordinal0 [0x0026D4CB+1168587]
	Ordinal0 [0x0026D633+1168947]
	Ordinal0 [0x00285B35+1268533]
	BaseThreadInitThunk [0x76F333AA+18]
	RtlInitializeExceptionChain [0x77D59F72+99]
	RtlInitializeExceptionChain [0x77D59F45+54]
">
      <![CDATA[org.openqa.selenium.SessionNotCreatedException: session not created
from chrome not reachable
  (Session info: chrome=81.0.4044.138)
Build info: version: '3.5.3', revision: 'a88d25fe6b', time: '2017-08-29T12:42:44.417Z'
System info: host: 'SAI-PC', ip: '192.168.0.43', os.name: 'Windows 7', os.arch: 'amd64', os.version: '6.1', java.version: '1.8.0_241'
Driver info: driver.version: ChromeDriver
remote stacktrace: Backtrace:
Ordinal0 [0x002F0C83+1707139]
Ordinal0 [0x002568F1+1075441]
Ordinal0 [0x001CDE72+515698]
Ordinal0 [0x001C7CA8+490664]
Ordinal0 [0x001C839B+492443]
Ordinal0 [0x001C92F5+496373]
Ordinal0 [0x001C4F05+478981]
Ordinal0 [0x001CECA0+519328]
Ordinal0 [0x0017CA67+182887]
Ordinal0 [0x0017BDDD+179677]
Ordinal0 [0x00179D4B+171339]
Ordinal0 [0x00161D4A+73034]
Ordinal0 [0x00162DC0+77248]
Ordinal0 [0x00162D59+77145]
Ordinal0 [0x0026BB67+1162087]
GetHandleVerifier [0x0038A966+508998]
GetHandleVerifier [0x0038A6A4+508292]
GetHandleVerifier [0x0039F7B7+594583]
GetHandleVerifier [0x0038B1D6+511158]
Ordinal0 [0x0026402C+1130540]
Ordinal0 [0x0026D4CB+1168587]
Ordinal0 [0x0026D633+1168947]
Ordinal0 [0x00285B35+1268533]
BaseThreadInitThunk [0x76F333AA+18]
RtlInitializeExceptionChain [0x77D59F72+99]
RtlInitializeExceptionChain [0x77D59F45+54]

at sun.reflect.NativeConstructorAccessorImpl.newInstance0(Native Method)
at sun.reflect.NativeConstructorAccessorImpl.newInstance(Unknown Source)
at sun.reflect.DelegatingConstructorAccessorImpl.newInstance(Unknown Source)
at java.lang.reflect.Constructor.newInstance(Unknown Source)
at org.openqa.selenium.remote.W3CHandshakeResponse.lambda$new$0(W3CHandshakeResponse.java:57)
at org.openqa.selenium.remote.W3CHandshakeResponse.lambda$getResponseFunction$2(W3CHandshakeResponse.java:104)
at org.openqa.selenium.remote.ProtocolHandshake.lambda$createSession$24(ProtocolHandshake.java:359)
at java.util.stream.ReferencePipeline$3$1.accept(Unknown Source)
at java.util.Spliterators$ArraySpliterator.tryAdvance(Unknown Source)
at java.util.stream.ReferencePipeline.forEachWithCancel(Unknown Source)
at java.util.stream.AbstractPipeline.copyIntoWithCancel(Unknown Source)
at java.util.stream.AbstractPipeline.copyInto(Unknown Source)
at java.util.stream.AbstractPipeline.wrapAndCopyInto(Unknown Source)
at java.util.stream.FindOps$FindOp.evaluateSequential(Unknown Source)
at java.util.stream.AbstractPipeline.evaluate(Unknown Source)
at java.util.stream.ReferencePipeline.findFirst(Unknown Source)
at org.openqa.selenium.remote.ProtocolHandshake.createSession(ProtocolHandshake.java:362)
at org.openqa.selenium.remote.ProtocolHandshake.createSession(ProtocolHandshake.java:136)
at org.openqa.selenium.remote.HttpCommandExecutor.execute(HttpCommandExecutor.java:142)
at org.openqa.selenium.remote.service.DriverCommandExecutor.execute(DriverCommandExecutor.java:82)
at org.openqa.selenium.remote.RemoteWebDriver.execute(RemoteWebDriver.java:646)
at org.openqa.selenium.remote.RemoteWebDriver.startSession(RemoteWebDriver.java:255)
at org.openqa.selenium.remote.RemoteWebDriver.startSession(RemoteWebDriver.java:237)
at org.openqa.selenium.remote.RemoteWebDriver.<init>(RemoteWebDriver.java:138)
at org.openqa.selenium.chrome.ChromeDriver.<init>(ChromeDriver.java:178)
at org.openqa.selenium.chrome.ChromeDriver.<init>(ChromeDriver.java:167)
at org.openqa.selenium.chrome.ChromeDriver.<init>(ChromeDriver.java:124)
at package1.Test6_BM_AM.launchBrowser(Test6_BM_AM.java:21)
at sun.reflect.NativeMethodAccessorImpl.invoke0(Native Method)
at sun.reflect.NativeMethodAccessorImpl.invoke(Unknown Source)
at sun.reflect.DelegatingMethodAccessorImpl.invoke(Unknown Source)
at java.lang.reflect.Method.invoke(Unknown Source)
at org.testng.internal.MethodInvocationHelper.invokeMethod(MethodInvocationHelper.java:124)
at org.testng.internal.MethodInvocationHelper.invokeMethodConsideringTimeout(MethodInvocationHelper.java:59)
at org.testng.internal.Invoker.invokeConfigurationMethod(Invoker.java:458)
at org.testng.internal.Invoker.invokeConfigurations(Invoker.java:222)
at org.testng.internal.Invoker.invokeMethod(Invoker.java:523)
at org.testng.internal.Invoker.invokeTestMethod(Invoker.java:719)
at org.testng.internal.Invoker.invokeTestMethods(Invoker.java:989)
at org.testng.internal.TestMethodWorker.invokeTestMethods(TestMethodWorker.java:125)
at org.testng.internal.TestMethodWorker.run(TestMethodWorker.java:109)
at org.testng.TestRunner.privateRun(TestRunner.java:648)
at org.testng.TestRunner.run(TestRunner.java:505)
at org.testng.SuiteRunner.runTest(SuiteRunner.java:455)
at org.testng.SuiteRunner.runSequentially(SuiteRunner.java:450)
at org.testng.SuiteRunner.privateRun(SuiteRunner.java:415)
at org.testng.SuiteRunner.run(SuiteRunner.java:364)
at org.testng.SuiteRunnerWorker.runSuite(SuiteRunnerWorker.java:52)
at org.testng.SuiteRunnerWorker.run(SuiteRunnerWorker.java:84)
at org.testng.TestNG.runSuitesSequentially(TestNG.java:1208)
at org.testng.TestNG.runSuitesLocally(TestNG.java:1137)
at org.testng.TestNG.runSuites(TestNG.java:1049)
at org.testng.TestNG.run(TestNG.java:1017)
at org.apache.maven.surefire.testng.TestNGExecutor.run(TestNGExecutor.java:281)
at org.apache.maven.surefire.testng.TestNGXmlTestSuite.execute(TestNGXmlTestSuite.java:75)
at org.apache.maven.surefire.testng.TestNGProvider.invoke(TestNGProvider.java:121)
at org.apache.maven.surefire.booter.ForkedBooter.invokeProviderInSameClassLoader(ForkedBooter.java:290)
at org.apache.maven.surefire.booter.ForkedBooter.runSuitesInProcess(ForkedBooter.java:242)
at org.apache.maven.surefire.booter.ForkedBooter.main(ForkedBooter.java:121)
]]>
    </error>
  </testcase> <!-- launchBrowser -->
  <testcase name="verfiyGooglePage" time="7.567" classname="package1.Test6_BM_AM"/>
  <testcase name="verfiyIntellipaatPage" time="1.727" classname="package1.Test6_BM_AM"/>
  <testcase name="verfiyFacebookPage" time="0.000" classname="package1.Test6_BM_AM">
    <skipped/>
  </testcase> <!-- verfiyFacebookPage -->
</testsuite> <!-- package1.Test6_BM_AM -->
