<!DOCTYPE html PUBLIC "-//W3C//DTD XHTML 1.1//EN" "http://www.w3.org/TR/xhtml11/DTD/xhtml11.dtd">
<html xmlns="http://www.w3.org/1999/xhtml"><head><title>TestNG Report</title><style type="text/css">table {margin-bottom:10px;border-collapse:collapse;empty-cells:show}th,td {border:1px solid #009;padding:.25em .5em}th {vertical-align:bottom}td {vertical-align:top}table a {font-weight:bold}.stripe td {background-color: #E6EBF9}.num {text-align:right}.passedodd td {background-color: #3F3}.passedeven td {background-color: #0A0}.skippedodd td {background-color: #DDD}.skippedeven td {background-color: #CCC}.failedodd td,.attn {background-color: #F33}.failedeven td,.stripe .attn {background-color: #D00}.stacktrace {white-space:pre;font-family:monospace}.totop {font-size:85%;text-align:center;border-bottom:2px solid #000}</style></head><body><table><tr><th>Test</th><th># Passed</th><th># Skipped</th><th># Failed</th><th>Time (ms)</th><th>Included Groups</th><th>Excluded Groups</th></tr><tr><th colspan="7">Suite</th></tr><tr><td><a href="#t0">Test1</a></td><td class="num">6</td><td class="num attn">1</td><td class="num attn">4</td><td class="num">15,224</td><td></td><td></td></tr><tr class="stripe"><td><a href="#t1">Test2</a></td><td class="num">3</td><td class="num">0</td><td class="num attn">3</td><td class="num">12,377</td><td></td><td></td></tr><tr><td><a href="#t2">Test3</a></td><td class="num">5</td><td class="num">0</td><td class="num attn">3</td><td class="num">11,146</td><td></td><td></td></tr><tr><th>Total</th><th class="num">14</th><th class="num attn">1</th><th class="num attn">10</th><th class="num">38,747</th><th colspan="2"></th></tr></table><table><thead><tr><th>Class</th><th>Method</th><th>Start</th><th>Time (ms)</th></tr></thead><tbody><tr><th colspan="4">Suite</th></tr></tbody><tbody id="t0"><tr><th colspan="4">Test1 &#8212; failed (configuration methods)</th></tr><tr class="failedeven"><td rowspan="1">package1.Test_BefM_AftM</td><td><a href="#m0">teardown</a></td><td rowspan="1">1588978953740</td><td rowspan="1">0</td></tr><tr><th colspan="4">Test1 &#8212; failed</th></tr><tr class="failedeven"><td rowspan="1">package1.Test_BefM_AftM</td><td><a href="#m1">verifyGooglePage</a></td><td rowspan="1">1588978946525</td><td rowspan="1">7209</td></tr><tr class="failedodd"><td rowspan="2">package2.Test_BefCl_AftCla</td><td><a href="#m2">verifyGooglePage</a></td><td rowspan="1">1588978946525</td><td rowspan="1">12457</td></tr><tr class="failedodd"><td><a href="#m3">verifyIntelliipatPage</a></td><td rowspan="1">1588978946533</td><td rowspan="1">12437</td></tr><tr class="failedeven"><td rowspan="1">package2.Test_MultipleMethods2Priority</td><td><a href="#m4">verifyFacebookTitle</a></td><td rowspan="1">1588978954755</td><td rowspan="1">48</td></tr><tr><th colspan="4">Test1 &#8212; skipped (configuration methods)</th></tr><tr class="skippedeven"><td rowspan="2">package1.Test_BefM_AftM</td><td><a href="#m5">launchBrowser</a></td><td rowspan="1">1588978953756</td><td rowspan="1">0</td></tr><tr class="skippedeven"><td><a href="#m6">teardown</a></td><td rowspan="1">1588978953762</td><td rowspan="1">0</td></tr><tr><th colspan="4">Test1 &#8212; skipped</th></tr><tr class="skippedeven"><td rowspan="1">package1.Test_BefM_AftM</td><td><a href="#m7">verifyFacebookPage</a></td><td rowspan="1">1588978953758</td><td rowspan="1">2</td></tr><tr><th colspan="4">Test1 &#8212; passed</th></tr><tr class="passedeven"><td rowspan="1">package1.Test_BefM_AftM</td><td><a href="#m8">verifyIntelliipatPage</a></td><td rowspan="1">1588978948239</td><td rowspan="1">5123</td></tr><tr class="passedodd"><td rowspan="1">package2.Test_BefCl_AftCla</td><td><a href="#m9">verifyFacebookPage</a></td><td rowspan="1">1588978953527</td><td rowspan="1">5465</td></tr><tr class="passedeven"><td rowspan="4">package2.Test_MultipleMethods2Priority</td><td><a href="#m10">launch</a></td><td rowspan="1">1588978943876</td><td rowspan="1">2649</td></tr><tr class="passedeven"><td><a href="#m11">passURL</a></td><td rowspan="1">1588978946534</td><td rowspan="1">8219</td></tr><tr class="passedeven"><td><a href="#m12">teardown</a></td><td rowspan="1">1588978954768</td><td rowspan="1">149</td></tr><tr class="passedeven"><td><a href="#m13">waitTime</a></td><td rowspan="1">1588978953763</td><td rowspan="1">1003</td></tr></tbody><tbody id="t1"><tr><th colspan="4">Test2 &#8212; failed (configuration methods)</th></tr><tr class="failedeven"><td rowspan="1">selenium.testNG.Test_BefM_AftM</td><td><a href="#m14">teardown</a></td><td rowspan="1">1588978969592</td><td rowspan="1">0</td></tr><tr><th colspan="4">Test2 &#8212; failed</th></tr><tr class="failedeven"><td rowspan="2">selenium.testNG.Test_BefCl_AftCla</td><td><a href="#m15">verifyGooglePage</a></td><td rowspan="1">1588978960830</td><td rowspan="1">10642</td></tr><tr class="failedeven"><td><a href="#m16">verifyIntelliipatPage</a></td><td rowspan="1">1588978964011</td><td rowspan="1">7430</td></tr><tr class="failedodd"><td rowspan="1">selenium.testNG.Test_BefM_AftM</td><td><a href="#m17">verifyFacebookPage</a></td><td rowspan="1">1588978965563</td><td rowspan="1">4028</td></tr><tr><th colspan="4">Test2 &#8212; passed</th></tr><tr class="passedeven"><td rowspan="1">selenium.testNG.Test_BefCl_AftCla</td><td><a href="#m18">verifyFacebookPage</a></td><td rowspan="1">1588978964012</td><td rowspan="1">7474</td></tr><tr class="passedodd"><td rowspan="2">selenium.testNG.Test_BefM_AftM</td><td><a href="#m19">verifyGooglePage</a></td><td rowspan="1">1588978960907</td><td rowspan="1">2983</td></tr><tr class="passedodd"><td><a href="#m20">verifyIntelliipatPage</a></td><td rowspan="1">1588978965584</td><td rowspan="1">1380</td></tr></tbody><tbody id="t2"><tr><th colspan="4">Test3 &#8212; failed (configuration methods)</th></tr><tr class="failedeven"><td rowspan="1">package1.Test_BefM_AftM</td><td><a href="#m21">teardown</a></td><td rowspan="1">1588978981419</td><td rowspan="1">0</td></tr><tr><th colspan="4">Test3 &#8212; failed</th></tr><tr class="failedeven"><td rowspan="2">package1.Test_BefM_AftM</td><td><a href="#m22">verifyFacebookPage</a></td><td rowspan="1">1588978974882</td><td rowspan="1">7896</td></tr><tr class="failedeven"><td><a href="#m23">verifyGooglePage</a></td><td rowspan="1">1588978973425</td><td rowspan="1">7993</td></tr><tr class="failedodd"><td rowspan="1">selenium.testNG.Test_MultipleMethods2Priority</td><td><a href="#m24">verifyFacebookTitle</a></td><td rowspan="1">1588978973470</td><td rowspan="1">7719</td></tr><tr><th colspan="4">Test3 &#8212; skipped (configuration methods)</th></tr><tr class="skippedeven"><td rowspan="1">package1.Test_BefM_AftM</td><td><a href="#m25">teardown</a></td><td rowspan="1">1588978982780</td><td rowspan="1">0</td></tr><tr><th colspan="4">Test3 &#8212; passed</th></tr><tr class="passedeven"><td rowspan="1">package1.Test_BefM_AftM</td><td><a href="#m26">verifyIntelliipatPage</a></td><td rowspan="1">1588978975236</td><td rowspan="1">6179</td></tr><tr class="passedodd"><td rowspan="4">selenium.testNG.Test_MultipleMethods2Priority</td><td><a href="#m27">launch</a></td><td rowspan="1">1588978971651</td><td rowspan="1">1784</td></tr><tr class="passedodd"><td><a href="#m28">passURL</a></td><td rowspan="1">1588978973458</td><td rowspan="1">7723</td></tr><tr class="passedodd"><td><a href="#m29">teardown</a></td><td rowspan="1">1588978981183</td><td rowspan="1">118</td></tr><tr class="passedodd"><td><a href="#m30">waitTime</a></td><td rowspan="1">1588978973459</td><td rowspan="1">10</td></tr></tbody></table><h2>Test1</h2><h3 id="m0">package1.Test_BefM_AftM#teardown</h3><table class="result"><tr><th>Exception</th></tr><tr><td><div class="stacktrace">org.openqa.selenium.NoSuchSessionException: invalid session id
Build info: version: &apos;3.141.59&apos;, revision: &apos;e82be7d358&apos;, time: &apos;2018-11-14T08:25:48&apos;
System info: host: &apos;Macbooks-MacBook-Pro.local&apos;, ip: &apos;2607:fea8:4f1f:e2a6:0:0:0:3%en0&apos;, os.name: &apos;Mac OS X&apos;, os.arch: &apos;x86_64&apos;, os.version: &apos;10.15.4&apos;, java.version: &apos;1.8.0_241&apos;
Driver info: org.openqa.selenium.chrome.ChromeDriver
Capabilities {acceptInsecureCerts: false, browserName: chrome, browserVersion: 81.0.4044.138, chrome: {chromedriverVersion: 81.0.4044.69 (6813546031a4b..., userDataDir: /var/folders/z3/23d53p0139d...}, goog:chromeOptions: {debuggerAddress: localhost:60434}, javascriptEnabled: true, networkConnectionEnabled: false, pageLoadStrategy: normal, platform: MAC, platformName: MAC, proxy: Proxy(), setWindowRect: true, strictFileInteractability: false, timeouts: {implicit: 0, pageLoad: 300000, script: 30000}, unhandledPromptBehavior: dismiss and notify, webauthn:virtualAuthenticators: true}
Session ID: 92ea6f5a613f9791bad2033b53d52fb2
	at org.openqa.selenium.remote.http.W3CHttpResponseCodec.createException(W3CHttpResponseCodec.java:187)
	at org.openqa.selenium.remote.http.W3CHttpResponseCodec.decode(W3CHttpResponseCodec.java:122)
	at org.openqa.selenium.remote.http.W3CHttpResponseCodec.decode(W3CHttpResponseCodec.java:49)
	at org.openqa.selenium.remote.HttpCommandExecutor.execute(HttpCommandExecutor.java:158)
	at org.openqa.selenium.remote.service.DriverCommandExecutor.execute(DriverCommandExecutor.java:83)
	at org.openqa.selenium.remote.RemoteWebDriver.execute(RemoteWebDriver.java:552)
	at org.openqa.selenium.remote.RemoteWebDriver.execute(RemoteWebDriver.java:609)
	at org.openqa.selenium.remote.RemoteWebDriver.close(RemoteWebDriver.java:442)
	at package1.Test_BefM_AftM.teardown(Test_BefM_AftM.java:75)
	at java.util.concurrent.ThreadPoolExecutor.runWorker(ThreadPoolExecutor.java:1149)
	at java.util.concurrent.ThreadPoolExecutor$Worker.run(ThreadPoolExecutor.java:624)
	at java.lang.Thread.run(Thread.java:748)
... Removed 16 stack frames</div></td></tr></table><p class="totop"><a href="#summary">back to summary</a></p><h3 id="m1">package1.Test_BefM_AftM#verifyGooglePage</h3><table class="result"><tr><th>Exception</th></tr><tr><td><div class="stacktrace">org.openqa.selenium.NoSuchSessionException: invalid session id
Build info: version: &apos;3.141.59&apos;, revision: &apos;e82be7d358&apos;, time: &apos;2018-11-14T08:25:48&apos;
System info: host: &apos;Macbooks-MacBook-Pro.local&apos;, ip: &apos;2607:fea8:4f1f:e2a6:0:0:0:3%en0&apos;, os.name: &apos;Mac OS X&apos;, os.arch: &apos;x86_64&apos;, os.version: &apos;10.15.4&apos;, java.version: &apos;1.8.0_241&apos;
Driver info: org.openqa.selenium.chrome.ChromeDriver
Capabilities {acceptInsecureCerts: false, browserName: chrome, browserVersion: 81.0.4044.138, chrome: {chromedriverVersion: 81.0.4044.69 (6813546031a4b..., userDataDir: /var/folders/z3/23d53p0139d...}, goog:chromeOptions: {debuggerAddress: localhost:60434}, javascriptEnabled: true, networkConnectionEnabled: false, pageLoadStrategy: normal, platform: MAC, platformName: MAC, proxy: Proxy(), setWindowRect: true, strictFileInteractability: false, timeouts: {implicit: 0, pageLoad: 300000, script: 30000}, unhandledPromptBehavior: dismiss and notify, webauthn:virtualAuthenticators: true}
Session ID: 92ea6f5a613f9791bad2033b53d52fb2
	at org.openqa.selenium.remote.http.W3CHttpResponseCodec.createException(W3CHttpResponseCodec.java:187)
	at org.openqa.selenium.remote.http.W3CHttpResponseCodec.decode(W3CHttpResponseCodec.java:122)
	at org.openqa.selenium.remote.http.W3CHttpResponseCodec.decode(W3CHttpResponseCodec.java:49)
	at org.openqa.selenium.remote.HttpCommandExecutor.execute(HttpCommandExecutor.java:158)
	at org.openqa.selenium.remote.service.DriverCommandExecutor.execute(DriverCommandExecutor.java:83)
	at org.openqa.selenium.remote.RemoteWebDriver.execute(RemoteWebDriver.java:552)
	at org.openqa.selenium.remote.RemoteWebDriver$RemoteWebDriverOptions$RemoteTimeouts.implicitlyWait(RemoteWebDriver.java:780)
	at package1.Test_BefM_AftM.verifyGooglePage(Test_BefM_AftM.java:32)
	at java.util.concurrent.ThreadPoolExecutor.runWorker(ThreadPoolExecutor.java:1149)
	at java.util.concurrent.ThreadPoolExecutor$Worker.run(ThreadPoolExecutor.java:624)
	at java.lang.Thread.run(Thread.java:748)
... Removed 14 stack frames</div></td></tr></table><p class="totop"><a href="#summary">back to summary</a></p><h3 id="m2">package2.Test_BefCl_AftCla#verifyGooglePage</h3><table class="result"><tr><th>Exception</th></tr><tr><td><div class="stacktrace">java.lang.AssertionError: expected [Google] but found [Facebook - Log In or Sign Up]
	at package2.Test_BefCl_AftCla.verifyGooglePage(Test_BefCl_AftCla.java:38)
	at java.util.concurrent.ThreadPoolExecutor.runWorker(ThreadPoolExecutor.java:1149)
	at java.util.concurrent.ThreadPoolExecutor$Worker.run(ThreadPoolExecutor.java:624)
	at java.lang.Thread.run(Thread.java:748)
... Removed 16 stack frames</div></td></tr></table><p class="totop"><a href="#summary">back to summary</a></p><h3 id="m3">package2.Test_BefCl_AftCla#verifyIntelliipatPage</h3><table class="result"><tr><th>Exception</th></tr><tr><td><div class="stacktrace">java.lang.AssertionError: expected [Online Professional Training Courses and Certification - Intellipaat] but found [Facebook - Log In or Sign Up]
	at package2.Test_BefCl_AftCla.verifyIntelliipatPage(Test_BefCl_AftCla.java:54)
	at java.util.concurrent.ThreadPoolExecutor.runWorker(ThreadPoolExecutor.java:1149)
	at java.util.concurrent.ThreadPoolExecutor$Worker.run(ThreadPoolExecutor.java:624)
	at java.lang.Thread.run(Thread.java:748)
... Removed 16 stack frames</div></td></tr></table><p class="totop"><a href="#summary">back to summary</a></p><h3 id="m4">package2.Test_MultipleMethods2Priority#verifyFacebookTitle</h3><table class="result"><tr><th>Exception</th></tr><tr><td><div class="stacktrace">java.lang.AssertionError: expected [Anj-Facebook - Log In or Sign Up] but found [Facebook - Log In or Sign Up]
	at package2.Test_MultipleMethods2Priority.verifyFacebookTitle(Test_MultipleMethods2Priority.java:55)
	at java.util.concurrent.ThreadPoolExecutor.runWorker(ThreadPoolExecutor.java:1149)
	at java.util.concurrent.ThreadPoolExecutor$Worker.run(ThreadPoolExecutor.java:624)
	at java.lang.Thread.run(Thread.java:748)
... Removed 16 stack frames</div></td></tr></table><p class="totop"><a href="#summary">back to summary</a></p><h3 id="m5">package1.Test_BefM_AftM#launchBrowser</h3><table class="result"></table><p class="totop"><a href="#summary">back to summary</a></p><h3 id="m6">package1.Test_BefM_AftM#teardown</h3><table class="result"></table><p class="totop"><a href="#summary">back to summary</a></p><h3 id="m7">package1.Test_BefM_AftM#verifyFacebookPage</h3><table class="result"><tr><th>Exception</th></tr><tr><td><div class="stacktrace">org.openqa.selenium.NoSuchSessionException: invalid session id
Build info: version: &apos;3.141.59&apos;, revision: &apos;e82be7d358&apos;, time: &apos;2018-11-14T08:25:48&apos;
System info: host: &apos;Macbooks-MacBook-Pro.local&apos;, ip: &apos;2607:fea8:4f1f:e2a6:0:0:0:3%en0&apos;, os.name: &apos;Mac OS X&apos;, os.arch: &apos;x86_64&apos;, os.version: &apos;10.15.4&apos;, java.version: &apos;1.8.0_241&apos;
Driver info: org.openqa.selenium.chrome.ChromeDriver
Capabilities {acceptInsecureCerts: false, browserName: chrome, browserVersion: 81.0.4044.138, chrome: {chromedriverVersion: 81.0.4044.69 (6813546031a4b..., userDataDir: /var/folders/z3/23d53p0139d...}, goog:chromeOptions: {debuggerAddress: localhost:60434}, javascriptEnabled: true, networkConnectionEnabled: false, pageLoadStrategy: normal, platform: MAC, platformName: MAC, proxy: Proxy(), setWindowRect: true, strictFileInteractability: false, timeouts: {implicit: 0, pageLoad: 300000, script: 30000}, unhandledPromptBehavior: dismiss and notify, webauthn:virtualAuthenticators: true}
Session ID: 92ea6f5a613f9791bad2033b53d52fb2
	at org.openqa.selenium.remote.http.W3CHttpResponseCodec.createException(W3CHttpResponseCodec.java:187)
	at org.openqa.selenium.remote.http.W3CHttpResponseCodec.decode(W3CHttpResponseCodec.java:122)
	at org.openqa.selenium.remote.http.W3CHttpResponseCodec.decode(W3CHttpResponseCodec.java:49)
	at org.openqa.selenium.remote.HttpCommandExecutor.execute(HttpCommandExecutor.java:158)
	at org.openqa.selenium.remote.service.DriverCommandExecutor.execute(DriverCommandExecutor.java:83)
	at org.openqa.selenium.remote.RemoteWebDriver.execute(RemoteWebDriver.java:552)
	at org.openqa.selenium.remote.RemoteWebDriver.execute(RemoteWebDriver.java:609)
	at org.openqa.selenium.remote.RemoteWebDriver.close(RemoteWebDriver.java:442)
	at package1.Test_BefM_AftM.teardown(Test_BefM_AftM.java:75)
	at java.util.concurrent.ThreadPoolExecutor.runWorker(ThreadPoolExecutor.java:1149)
	at java.util.concurrent.ThreadPoolExecutor$Worker.run(ThreadPoolExecutor.java:624)
	at java.lang.Thread.run(Thread.java:748)
... Removed 16 stack frames</div></td></tr></table><p class="totop"><a href="#summary">back to summary</a></p><h3 id="m8">package1.Test_BefM_AftM#verifyIntelliipatPage</h3><table class="result"></table><p class="totop"><a href="#summary">back to summary</a></p><h3 id="m9">package2.Test_BefCl_AftCla#verifyFacebookPage</h3><table class="result"></table><p class="totop"><a href="#summary">back to summary</a></p><h3 id="m10">package2.Test_MultipleMethods2Priority#launch</h3><table class="result"></table><p class="totop"><a href="#summary">back to summary</a></p><h3 id="m11">package2.Test_MultipleMethods2Priority#passURL</h3><table class="result"></table><p class="totop"><a href="#summary">back to summary</a></p><h3 id="m12">package2.Test_MultipleMethods2Priority#teardown</h3><table class="result"></table><p class="totop"><a href="#summary">back to summary</a></p><h3 id="m13">package2.Test_MultipleMethods2Priority#waitTime</h3><table class="result"></table><p class="totop"><a href="#summary">back to summary</a></p><h2>Test2</h2><h3 id="m14">selenium.testNG.Test_BefM_AftM#teardown</h3><table class="result"><tr><th>Exception</th></tr><tr><td><div class="stacktrace">org.openqa.selenium.NoSuchSessionException: invalid session id
Build info: version: &apos;3.141.59&apos;, revision: &apos;e82be7d358&apos;, time: &apos;2018-11-14T08:25:48&apos;
System info: host: &apos;Macbooks-MacBook-Pro.local&apos;, ip: &apos;2607:fea8:4f1f:e2a6:0:0:0:3%en0&apos;, os.name: &apos;Mac OS X&apos;, os.arch: &apos;x86_64&apos;, os.version: &apos;10.15.4&apos;, java.version: &apos;1.8.0_241&apos;
Driver info: org.openqa.selenium.chrome.ChromeDriver
Capabilities {acceptInsecureCerts: false, browserName: chrome, browserVersion: 81.0.4044.138, chrome: {chromedriverVersion: 81.0.4044.69 (6813546031a4b..., userDataDir: /var/folders/z3/23d53p0139d...}, goog:chromeOptions: {debuggerAddress: localhost:60599}, javascriptEnabled: true, networkConnectionEnabled: false, pageLoadStrategy: normal, platform: MAC, platformName: MAC, proxy: Proxy(), setWindowRect: true, strictFileInteractability: false, timeouts: {implicit: 0, pageLoad: 300000, script: 30000}, unhandledPromptBehavior: dismiss and notify, webauthn:virtualAuthenticators: true}
Session ID: a65beb8fb12f69ea32cb480f4155af93
	at org.openqa.selenium.remote.http.W3CHttpResponseCodec.createException(W3CHttpResponseCodec.java:187)
	at org.openqa.selenium.remote.http.W3CHttpResponseCodec.decode(W3CHttpResponseCodec.java:122)
	at org.openqa.selenium.remote.http.W3CHttpResponseCodec.decode(W3CHttpResponseCodec.java:49)
	at org.openqa.selenium.remote.HttpCommandExecutor.execute(HttpCommandExecutor.java:158)
	at org.openqa.selenium.remote.service.DriverCommandExecutor.execute(DriverCommandExecutor.java:83)
	at org.openqa.selenium.remote.RemoteWebDriver.execute(RemoteWebDriver.java:552)
	at org.openqa.selenium.remote.RemoteWebDriver.execute(RemoteWebDriver.java:609)
	at org.openqa.selenium.remote.RemoteWebDriver.close(RemoteWebDriver.java:442)
	at selenium.testNG.Test_BefM_AftM.teardown(Test_BefM_AftM.java:75)
	at java.util.concurrent.ThreadPoolExecutor.runWorker(ThreadPoolExecutor.java:1149)
	at java.util.concurrent.ThreadPoolExecutor$Worker.run(ThreadPoolExecutor.java:624)
	at java.lang.Thread.run(Thread.java:748)
... Removed 16 stack frames</div></td></tr></table><p class="totop"><a href="#summary">back to summary</a></p><h3 id="m15">selenium.testNG.Test_BefCl_AftCla#verifyGooglePage</h3><table class="result"><tr><th>Exception</th></tr><tr><td><div class="stacktrace">java.lang.AssertionError: expected [Google] but found [Facebook - Log In or Sign Up]
	at selenium.testNG.Test_BefCl_AftCla.verifyGooglePage(Test_BefCl_AftCla.java:38)
	at java.util.concurrent.ThreadPoolExecutor.runWorker(ThreadPoolExecutor.java:1149)
	at java.util.concurrent.ThreadPoolExecutor$Worker.run(ThreadPoolExecutor.java:624)
	at java.lang.Thread.run(Thread.java:748)
... Removed 16 stack frames</div></td></tr></table><p class="totop"><a href="#summary">back to summary</a></p><h3 id="m16">selenium.testNG.Test_BefCl_AftCla#verifyIntelliipatPage</h3><table class="result"><tr><th>Exception</th></tr><tr><td><div class="stacktrace">java.lang.AssertionError: expected [Online Professional Training Courses and Certification - Intellipaat] but found [Facebook - Log In or Sign Up]
	at selenium.testNG.Test_BefCl_AftCla.verifyIntelliipatPage(Test_BefCl_AftCla.java:54)
	at java.util.concurrent.ThreadPoolExecutor.runWorker(ThreadPoolExecutor.java:1149)
	at java.util.concurrent.ThreadPoolExecutor$Worker.run(ThreadPoolExecutor.java:624)
	at java.lang.Thread.run(Thread.java:748)
... Removed 16 stack frames</div></td></tr></table><p class="totop"><a href="#summary">back to summary</a></p><h3 id="m17">selenium.testNG.Test_BefM_AftM#verifyFacebookPage</h3><table class="result"><tr><th>Exception</th></tr><tr><td><div class="stacktrace">org.openqa.selenium.NoSuchSessionException: invalid session id
Build info: version: &apos;3.141.59&apos;, revision: &apos;e82be7d358&apos;, time: &apos;2018-11-14T08:25:48&apos;
System info: host: &apos;Macbooks-MacBook-Pro.local&apos;, ip: &apos;2607:fea8:4f1f:e2a6:0:0:0:3%en0&apos;, os.name: &apos;Mac OS X&apos;, os.arch: &apos;x86_64&apos;, os.version: &apos;10.15.4&apos;, java.version: &apos;1.8.0_241&apos;
Driver info: org.openqa.selenium.chrome.ChromeDriver
Capabilities {acceptInsecureCerts: false, browserName: chrome, browserVersion: 81.0.4044.138, chrome: {chromedriverVersion: 81.0.4044.69 (6813546031a4b..., userDataDir: /var/folders/z3/23d53p0139d...}, goog:chromeOptions: {debuggerAddress: localhost:60599}, javascriptEnabled: true, networkConnectionEnabled: false, pageLoadStrategy: normal, platform: MAC, platformName: MAC, proxy: Proxy(), setWindowRect: true, strictFileInteractability: false, timeouts: {implicit: 0, pageLoad: 300000, script: 30000}, unhandledPromptBehavior: dismiss and notify, webauthn:virtualAuthenticators: true}
Session ID: a65beb8fb12f69ea32cb480f4155af93
	at org.openqa.selenium.remote.http.W3CHttpResponseCodec.createException(W3CHttpResponseCodec.java:187)
	at org.openqa.selenium.remote.http.W3CHttpResponseCodec.decode(W3CHttpResponseCodec.java:122)
	at org.openqa.selenium.remote.http.W3CHttpResponseCodec.decode(W3CHttpResponseCodec.java:49)
	at org.openqa.selenium.remote.HttpCommandExecutor.execute(HttpCommandExecutor.java:158)
	at org.openqa.selenium.remote.service.DriverCommandExecutor.execute(DriverCommandExecutor.java:83)
	at org.openqa.selenium.remote.RemoteWebDriver.execute(RemoteWebDriver.java:552)
	at org.openqa.selenium.remote.RemoteWebDriver$RemoteWebDriverOptions$RemoteTimeouts.implicitlyWait(RemoteWebDriver.java:780)
	at selenium.testNG.Test_BefM_AftM.verifyFacebookPage(Test_BefM_AftM.java:62)
	at java.util.concurrent.ThreadPoolExecutor.runWorker(ThreadPoolExecutor.java:1149)
	at java.util.concurrent.ThreadPoolExecutor$Worker.run(ThreadPoolExecutor.java:624)
	at java.lang.Thread.run(Thread.java:748)
... Removed 14 stack frames</div></td></tr></table><p class="totop"><a href="#summary">back to summary</a></p><h3 id="m18">selenium.testNG.Test_BefCl_AftCla#verifyFacebookPage</h3><table class="result"></table><p class="totop"><a href="#summary">back to summary</a></p><h3 id="m19">selenium.testNG.Test_BefM_AftM#verifyGooglePage</h3><table class="result"></table><p class="totop"><a href="#summary">back to summary</a></p><h3 id="m20">selenium.testNG.Test_BefM_AftM#verifyIntelliipatPage</h3><table class="result"></table><p class="totop"><a href="#summary">back to summary</a></p><h2>Test3</h2><h3 id="m21">package1.Test_BefM_AftM#teardown</h3><table class="result"><tr><th>Exception</th></tr><tr><td><div class="stacktrace">org.openqa.selenium.NoSuchSessionException: invalid session id
Build info: version: &apos;3.141.59&apos;, revision: &apos;e82be7d358&apos;, time: &apos;2018-11-14T08:25:48&apos;
System info: host: &apos;Macbooks-MacBook-Pro.local&apos;, ip: &apos;2607:fea8:4f1f:e2a6:0:0:0:3%en0&apos;, os.name: &apos;Mac OS X&apos;, os.arch: &apos;x86_64&apos;, os.version: &apos;10.15.4&apos;, java.version: &apos;1.8.0_241&apos;
Driver info: org.openqa.selenium.chrome.ChromeDriver
Capabilities {acceptInsecureCerts: false, browserName: chrome, browserVersion: 81.0.4044.138, chrome: {chromedriverVersion: 81.0.4044.69 (6813546031a4b..., userDataDir: /var/folders/z3/23d53p0139d...}, goog:chromeOptions: {debuggerAddress: localhost:60697}, javascriptEnabled: true, networkConnectionEnabled: false, pageLoadStrategy: normal, platform: MAC, platformName: MAC, proxy: Proxy(), setWindowRect: true, strictFileInteractability: false, timeouts: {implicit: 0, pageLoad: 300000, script: 30000}, unhandledPromptBehavior: dismiss and notify, webauthn:virtualAuthenticators: true}
Session ID: 63aa67bc793272874ea3e07eb463c56f
	at org.openqa.selenium.remote.http.W3CHttpResponseCodec.createException(W3CHttpResponseCodec.java:187)
	at org.openqa.selenium.remote.http.W3CHttpResponseCodec.decode(W3CHttpResponseCodec.java:122)
	at org.openqa.selenium.remote.http.W3CHttpResponseCodec.decode(W3CHttpResponseCodec.java:49)
	at org.openqa.selenium.remote.HttpCommandExecutor.execute(HttpCommandExecutor.java:158)
	at org.openqa.selenium.remote.service.DriverCommandExecutor.execute(DriverCommandExecutor.java:83)
	at org.openqa.selenium.remote.RemoteWebDriver.execute(RemoteWebDriver.java:552)
	at org.openqa.selenium.remote.RemoteWebDriver.execute(RemoteWebDriver.java:609)
	at org.openqa.selenium.remote.RemoteWebDriver.close(RemoteWebDriver.java:442)
	at package1.Test_BefM_AftM.teardown(Test_BefM_AftM.java:75)
	at java.util.concurrent.ThreadPoolExecutor.runWorker(ThreadPoolExecutor.java:1149)
	at java.util.concurrent.ThreadPoolExecutor$Worker.run(ThreadPoolExecutor.java:624)
	at java.lang.Thread.run(Thread.java:748)
... Removed 16 stack frames</div></td></tr></table><p class="totop"><a href="#summary">back to summary</a></p><h3 id="m22">package1.Test_BefM_AftM#verifyFacebookPage</h3><table class="result"><tr><th>Exception</th></tr><tr><td><div class="stacktrace">org.openqa.selenium.NoSuchSessionException: invalid session id
Build info: version: &apos;3.141.59&apos;, revision: &apos;e82be7d358&apos;, time: &apos;2018-11-14T08:25:48&apos;
System info: host: &apos;Macbooks-MacBook-Pro.local&apos;, ip: &apos;2607:fea8:4f1f:e2a6:0:0:0:3%en0&apos;, os.name: &apos;Mac OS X&apos;, os.arch: &apos;x86_64&apos;, os.version: &apos;10.15.4&apos;, java.version: &apos;1.8.0_241&apos;
Driver info: org.openqa.selenium.chrome.ChromeDriver
Capabilities {acceptInsecureCerts: false, browserName: chrome, browserVersion: 81.0.4044.138, chrome: {chromedriverVersion: 81.0.4044.69 (6813546031a4b..., userDataDir: /var/folders/z3/23d53p0139d...}, goog:chromeOptions: {debuggerAddress: localhost:60697}, javascriptEnabled: true, networkConnectionEnabled: false, pageLoadStrategy: normal, platform: MAC, platformName: MAC, proxy: Proxy(), setWindowRect: true, strictFileInteractability: false, timeouts: {implicit: 0, pageLoad: 300000, script: 30000}, unhandledPromptBehavior: dismiss and notify, webauthn:virtualAuthenticators: true}
Session ID: 63aa67bc793272874ea3e07eb463c56f
	at org.openqa.selenium.remote.http.W3CHttpResponseCodec.createException(W3CHttpResponseCodec.java:187)
	at org.openqa.selenium.remote.http.W3CHttpResponseCodec.decode(W3CHttpResponseCodec.java:122)
	at org.openqa.selenium.remote.http.W3CHttpResponseCodec.decode(W3CHttpResponseCodec.java:49)
	at org.openqa.selenium.remote.HttpCommandExecutor.execute(HttpCommandExecutor.java:158)
	at org.openqa.selenium.remote.service.DriverCommandExecutor.execute(DriverCommandExecutor.java:83)
	at org.openqa.selenium.remote.RemoteWebDriver.execute(RemoteWebDriver.java:552)
	at org.openqa.selenium.remote.RemoteWebDriver$RemoteWebDriverOptions$RemoteTimeouts.implicitlyWait(RemoteWebDriver.java:780)
	at package1.Test_BefM_AftM.verifyFacebookPage(Test_BefM_AftM.java:62)
	at java.util.concurrent.ThreadPoolExecutor.runWorker(ThreadPoolExecutor.java:1149)
	at java.util.concurrent.ThreadPoolExecutor$Worker.run(ThreadPoolExecutor.java:624)
	at java.lang.Thread.run(Thread.java:748)
... Removed 14 stack frames</div></td></tr></table><p class="totop"><a href="#summary">back to summary</a></p><h3 id="m23">package1.Test_BefM_AftM#verifyGooglePage</h3><table class="result"><tr><th>Exception</th></tr><tr><td><div class="stacktrace">java.lang.AssertionError: expected [Google] but found [Online Professional Training Courses and Certification - Intellipaat]
	at package1.Test_BefM_AftM.verifyGooglePage(Test_BefM_AftM.java:38)
	at java.util.concurrent.ThreadPoolExecutor.runWorker(ThreadPoolExecutor.java:1149)
	at java.util.concurrent.ThreadPoolExecutor$Worker.run(ThreadPoolExecutor.java:624)
	at java.lang.Thread.run(Thread.java:748)
... Removed 16 stack frames</div></td></tr></table><p class="totop"><a href="#summary">back to summary</a></p><h3 id="m24">selenium.testNG.Test_MultipleMethods2Priority#verifyFacebookTitle</h3><table class="result"><tr><th>Exception</th></tr><tr><td><div class="stacktrace">java.lang.AssertionError: expected [Anj-Facebook - Log In or Sign Up] but found [Facebook - Log In or Sign Up]
	at selenium.testNG.Test_MultipleMethods2Priority.verifyFacebookTitle(Test_MultipleMethods2Priority.java:55)
	at java.util.concurrent.ThreadPoolExecutor.runWorker(ThreadPoolExecutor.java:1149)
	at java.util.concurrent.ThreadPoolExecutor$Worker.run(ThreadPoolExecutor.java:624)
	at java.lang.Thread.run(Thread.java:748)
... Removed 16 stack frames</div></td></tr></table><p class="totop"><a href="#summary">back to summary</a></p><h3 id="m25">package1.Test_BefM_AftM#teardown</h3><table class="result"></table><p class="totop"><a href="#summary">back to summary</a></p><h3 id="m26">package1.Test_BefM_AftM#verifyIntelliipatPage</h3><table class="result"></table><p class="totop"><a href="#summary">back to summary</a></p><h3 id="m27">selenium.testNG.Test_MultipleMethods2Priority#launch</h3><table class="result"></table><p class="totop"><a href="#summary">back to summary</a></p><h3 id="m28">selenium.testNG.Test_MultipleMethods2Priority#passURL</h3><table class="result"></table><p class="totop"><a href="#summary">back to summary</a></p><h3 id="m29">selenium.testNG.Test_MultipleMethods2Priority#teardown</h3><table class="result"></table><p class="totop"><a href="#summary">back to summary</a></p><h3 id="m30">selenium.testNG.Test_MultipleMethods2Priority#waitTime</h3><table class="result"></table><p class="totop"><a href="#summary">back to summary</a></p></body></html>